<?xml version="1.0" encoding="UTF-8"?>
<testng-results skipped="0" failed="0" ignored="0" total="1" passed="1">
  <reporter-output>
  </reporter-output>
  <suite name="Default suite" duration-ms="10068" started-at="2019-04-09T15:22:49Z" finished-at="2019-04-09T15:22:59Z">
    <groups>
    </groups>
    <test name="Default test" duration-ms="10068" started-at="2019-04-09T15:22:49Z" finished-at="2019-04-09T15:22:59Z">
      <class name="com.qa.log4j.concept.Log4JConcept">
        <test-method status="PASS" signature="setUp()[pri:0, instance:com.qa.log4j.concept.Log4JConcept@5abca1e0]" name="setUp" is-config="true" duration-ms="9418" started-at="2019-04-09T15:22:49Z" finished-at="2019-04-09T15:22:58Z">
          <reporter-output>
          </reporter-output>
        </test-method> <!-- setUp -->
        <test-method status="PASS" signature="log4jTest()[pri:0, instance:com.qa.log4j.concept.Log4JConcept@5abca1e0]" name="log4jTest" duration-ms="17" started-at="2019-04-09T15:22:58Z" finished-at="2019-04-09T15:22:58Z">
          <reporter-output>
          </reporter-output>
        </test-method> <!-- log4jTest -->
        <test-method status="PASS" signature="tearDown()[pri:0, instance:com.qa.log4j.concept.Log4JConcept@5abca1e0]" name="tearDown" is-config="true" duration-ms="618" started-at="2019-04-09T15:22:58Z" finished-at="2019-04-09T15:22:59Z">
          <reporter-output>
          </reporter-output>
        </test-method> <!-- tearDown -->
      </class> <!-- com.qa.log4j.concept.Log4JConcept -->
    </test> <!-- Default test -->
  </suite> <!-- Default suite -->
</testng-results>
